0 info it worked if it ends with ok
1 verbose cli [ 'C:\\Program Files (x86)\\nodejs\\\\node.exe',
1 verbose cli   'C:\\Program Files (x86)\\nodejs\\node_modules\\npm\\bin\\npm-cli.js',
1 verbose cli   'run',
1 verbose cli   'execute-script' ]
2 info using npm@1.4.28
3 info using node@v0.10.35
4 verbose node symlink C:\Program Files (x86)\nodejs\\node.exe
5 verbose run-script [ 'preexecute-script', 'execute-script', 'postexecute-script' ]
6 info preexecute-script html5-boilerplate@5.2.0
7 info execute-script html5-boilerplate@5.2.0
8 verbose unsafe-perm in lifecycle true
9 info html5-boilerplate@5.2.0 Failed to exec execute-script script
10 error html5-boilerplate@5.2.0 execute-script: `6to5 src/index.js | iojs`
10 error Exit status 255
11 error Failed at the html5-boilerplate@5.2.0 execute-script script.
11 error This is most likely a problem with the html5-boilerplate package,
11 error not with npm itself.
11 error Tell the author that this fails on your system:
11 error     6to5 src/index.js | iojs
11 error You can get their info via:
11 error     npm owner ls html5-boilerplate
11 error There is likely additional logging output above.
12 error System Windows_NT 6.2.9200
13 error command "C:\\Program Files (x86)\\nodejs\\\\node.exe" "C:\\Program Files (x86)\\nodejs\\node_modules\\npm\\bin\\npm-cli.js" "run" "execute-script"
14 error cwd C:\Users\Shiri_Itzik\WebstormProjects\CompareTimeMathLibraries
15 error node -v v0.10.35
16 error npm -v 1.4.28
17 error code ELIFECYCLE
18 verbose exit [ 1, true ]
